info: ::1 - - [12/Apr/2025:15:24:21 +0000] "GET /api/v1/government/state HTTP/1.1" 200 1915 "-" "PostmanRuntime/7.43.2"

info: ::1 - - [12/Apr/2025:15:24:35 +0000] "GET /api/v1/government/local HTTP/1.1" 200 5416 "-" "PostmanRuntime/7.43.2"

info: ::1 - - [12/Apr/2025:15:25:59 +0000] "GET /api/v1/government/local HTTP/1.1" 200 3715 "-" "PostmanRuntime/7.43.2"

info: ::1 - - [12/Apr/2025:15:27:53 +0000] "GET /api/v1/government/state HTTP/1.1" 200 3447 "-" "PostmanRuntime/7.43.2"

info: ::1 - - [12/Apr/2025:15:34:45 +0000] "GET /api/v1/government/federal HTTP/1.1" 200 2776 "-" "PostmanRuntime/7.43.2"

info: ::1 - - [12/Apr/2025:15:56:29 +0000] "GET /api/v1/government/federal HTTP/1.1" 200 2776 "-" "PostmanRuntime/7.43.2"

info: ::1 - - [12/Apr/2025:15:56:50 +0000] "GET /api/v1/government/local HTTP/1.1" 200 3124 "-" "PostmanRuntime/7.43.2"

info: ::1 - - [12/Apr/2025:15:57:01 +0000] "GET /api/v1/government/local/lagos HTTP/1.1" 404 47 "-" "PostmanRuntime/7.43.2"

info: ::1 - - [12/Apr/2025:15:57:28 +0000] "GET /api/v1/government/local/ HTTP/1.1" 200 3124 "-" "PostmanRuntime/7.43.2"

info: ::1 - - [12/Apr/2025:15:58:23 +0000] "GET /api/v1/government/state HTTP/1.1" 200 3447 "-" "PostmanRuntime/7.43.2"

info: ::1 - - [12/Apr/2025:15:58:29 +0000] "GET /api/v1/government/state/rivers HTTP/1.1" 200 321 "-" "PostmanRuntime/7.43.2"

info: ::1 - - [12/Apr/2025:16:03:53 +0000] "GET /api/v1/government/local/abuja HTTP/1.1" 404 57 "-" "PostmanRuntime/7.43.2"

info: ::1 - - [12/Apr/2025:17:28:20 +0000] "GET /api/v1/government/local/lagos HTTP/1.1" 404 57 "-" "PostmanRuntime/7.43.2"

info: ::1 - - [12/Apr/2025:17:30:05 +0000] "GET /api/v1/government/local/lagos HTTP/1.1" 404 57 "-" "PostmanRuntime/7.43.2"

info: ::1 - - [12/Apr/2025:17:30:06 +0000] "GET /api/v1/government/local/lagos HTTP/1.1" 404 57 "-" "PostmanRuntime/7.43.2"

info: ::1 - - [12/Apr/2025:17:30:08 +0000] "GET /api/v1/government/local/lagos HTTP/1.1" 404 57 "-" "PostmanRuntime/7.43.2"

info: ::1 - - [12/Apr/2025:17:31:08 +0000] "GET /api/v1/government/local/lagos HTTP/1.1" 404 57 "-" "PostmanRuntime/7.43.2"

info: ::1 - - [12/Apr/2025:17:31:09 +0000] "GET /api/v1/government/local/lagos HTTP/1.1" 404 57 "-" "PostmanRuntime/7.43.2"

info: ::1 - - [12/Apr/2025:17:31:50 +0000] "GET /api/v1/government/local/abuja HTTP/1.1" 404 57 "-" "PostmanRuntime/7.43.2"

info: ::1 - - [12/Apr/2025:17:31:55 +0000] "GET /api/v1/government/local/rivers HTTP/1.1" 404 57 "-" "PostmanRuntime/7.43.2"

info: ::1 - - [12/Apr/2025:17:33:50 +0000] "GET /api/v1/government/local/rivers HTTP/1.1" 404 57 "-" "PostmanRuntime/7.43.2"

info: ::1 - - [12/Apr/2025:17:35:37 +0000] "GET /api/v1/government/local/rivers HTTP/1.1" 404 57 "-" "PostmanRuntime/7.43.2"

info: ::1 - - [12/Apr/2025:17:35:40 +0000] "GET /api/v1/government/local/rivers HTTP/1.1" 404 57 "-" "PostmanRuntime/7.43.2"

info: ::1 - - [12/Apr/2025:17:36:52 +0000] "GET /api/v1/government/state/lagos HTTP/1.1" 200 310 "-" "PostmanRuntime/7.43.2"

info: ::1 - - [12/Apr/2025:17:37:13 +0000] "GET /api/v1/government/local HTTP/1.1" 200 3124 "-" "PostmanRuntime/7.43.2"

info: ::1 - - [12/Apr/2025:17:37:23 +0000] "GET /api/v1/government/local/abuja HTTP/1.1" 404 57 "-" "PostmanRuntime/7.43.2"

info: ::1 - - [12/Apr/2025:17:39:51 +0000] "GET /api/v1/government/local/agege HTTP/1.1" 200 321 "-" "PostmanRuntime/7.43.2"

info: ::1 - - [12/Apr/2025:17:40:26 +0000] "GET /api/v1/government/local/agege HTTP/1.1" 200 321 "-" "PostmanRuntime/7.43.2"

info: ::1 - - [12/Apr/2025:17:43:19 +0000] "GET /api/v1/government/local/agege HTTP/1.1" 200 321 "-" "PostmanRuntime/7.43.2"

info: ::1 - - [12/Apr/2025:17:47:18 +0000] "GET /api/v1/government/local/agege HTTP/1.1" 200 321 "-" "PostmanRuntime/7.43.2"

