info: ::1 - - [11/Apr/2025:09:03:20 +0000] "GET /api/v1/ HTTP/1.1" 200 9 "-" "PostmanRuntime/7.43.2"

info: ::1 - - [11/Apr/2025:09:03:32 +0000] "GET /api/v1/government HTTP/1.1" 200 2737 "-" "PostmanRuntime/7.43.2"

info: ::1 - - [11/Apr/2025:09:04:05 +0000] "GET /api/v1/government/federal HTTP/1.1" 200 1860 "-" "PostmanRuntime/7.43.2"

info: ::1 - - [11/Apr/2025:09:04:19 +0000] "GET /api/v1/government/state HTTP/1.1" 404 47 "-" "PostmanRuntime/7.43.2"

info: ::1 - - [11/Apr/2025:09:10:34 +0000] "GET /api/v1/government/state/abia HTTP/1.1" 404 57 "-" "PostmanRuntime/7.43.2"

info: ::1 - - [11/Apr/2025:09:10:53 +0000] "GET /api/v1/government/state/lagos HTTP/1.1" 200 153 "-" "PostmanRuntime/7.43.2"

info: ::1 - - [11/Apr/2025:09:11:49 +0000] "GET /api/v1/government/state/lagos HTTP/1.1" 200 153 "-" "PostmanRuntime/7.43.2"

info: ::1 - - [11/Apr/2025:09:52:09 +0000] "GET /api/v1/government/state/lagos HTTP/1.1" 200 153 "-" "PostmanRuntime/7.43.2"

info: ::1 - - [11/Apr/2025:09:52:21 +0000] "GET /api/v1/government/state/lagos HTTP/1.1" 200 153 "-" "PostmanRuntime/7.43.2"

info: ::1 - - [11/Apr/2025:10:07:06 +0000] "GET /api/v1/government/state/lagos HTTP/1.1" 200 153 "-" "PostmanRuntime/7.43.2"

info: ::1 - - [11/Apr/2025:10:07:14 +0000] "GET /api/v1/government/state/akwaibom HTTP/1.1" 200 142 "-" "PostmanRuntime/7.43.2"

info: ::1 - - [11/Apr/2025:10:07:26 +0000] "GET /api/v1/government/state HTTP/1.1" 404 47 "-" "PostmanRuntime/7.43.2"

info: ::1 - - [11/Apr/2025:10:07:34 +0000] "GET /api/v1/government/state/lagos HTTP/1.1" 200 153 "-" "PostmanRuntime/7.43.2"

info: ::1 - - [11/Apr/2025:10:11:23 +0000] "GET /api/v1/government/state/akwaibom HTTP/1.1" 200 137 "-" "PostmanRuntime/7.43.2"

info: ::1 - - [11/Apr/2025:10:11:33 +0000] "GET /api/v1/government/state HTTP/1.1" 404 47 "-" "PostmanRuntime/7.43.2"

info: ::1 - - [11/Apr/2025:10:13:26 +0000] "GET /api/v1/government/state HTTP/1.1" 404 57 "-" "PostmanRuntime/7.43.2"

info: ::1 - - [11/Apr/2025:10:15:03 +0000] "GET /api/v1/government/states HTTP/1.1" 404 47 "-" "PostmanRuntime/7.43.2"

info: ::1 - - [11/Apr/2025:10:15:05 +0000] "GET /api/v1/government/state HTTP/1.1" 404 57 "-" "PostmanRuntime/7.43.2"

info: ::1 - - [11/Apr/2025:10:15:24 +0000] "GET /api/v1/government/state/states HTTP/1.1" 404 57 "-" "PostmanRuntime/7.43.2"

info: ::1 - - [11/Apr/2025:10:16:00 +0000] "GET /api/v1/government/state HTTP/1.1" 200 558 "-" "PostmanRuntime/7.43.2"

info: ::1 - - [11/Apr/2025:10:30:02 +0000] "GET /api/v1/federal HTTP/1.1" 404 47 "-" "PostmanRuntime/7.43.2"

info: ::1 - - [11/Apr/2025:10:30:19 +0000] "GET /api/v1/ HTTP/1.1" 200 9 "-" "PostmanRuntime/7.43.2"

info: ::1 - - [11/Apr/2025:10:30:23 +0000] "GET /api/v1/federal HTTP/1.1" 404 47 "-" "PostmanRuntime/7.43.2"

info: ::1 - - [11/Apr/2025:10:30:38 +0000] "GET /api/v1/state HTTP/1.1" 404 47 "-" "PostmanRuntime/7.43.2"

info: ::1 - - [11/Apr/2025:10:31:30 +0000] "GET //api/v1/government/state HTTP/1.1" 404 47 "-" "PostmanRuntime/7.43.2"

info: ::1 - - [11/Apr/2025:10:31:40 +0000] "GET //api/v1/government/state HTTP/1.1" 404 47 "-" "PostmanRuntime/7.43.2"

info: ::1 - - [11/Apr/2025:10:31:46 +0000] "GET /api/v1/government/state HTTP/1.1" 200 558 "-" "PostmanRuntime/7.43.2"

info: ::1 - - [11/Apr/2025:10:31:53 +0000] "GET /api/v1/state HTTP/1.1" 404 47 "-" "PostmanRuntime/7.43.2"

info: ::1 - - [11/Apr/2025:10:31:56 +0000] "GET /api/v1/states HTTP/1.1" 404 47 "-" "PostmanRuntime/7.43.2"

info: ::1 - - [11/Apr/2025:10:35:44 +0000] "GET /api/v1/states HTTP/1.1" 404 47 "-" "PostmanRuntime/7.43.2"

info: ::1 - - [11/Apr/2025:10:35:47 +0000] "GET /api/v1/states HTTP/1.1" 404 47 "-" "PostmanRuntime/7.43.2"

info: ::1 - - [11/Apr/2025:10:38:50 +0000] "GET /api/v1/state HTTP/1.1" 404 47 "-" "PostmanRuntime/7.43.2"

info: ::1 - - [11/Apr/2025:10:38:58 +0000] "GET /api/v1/government/state HTTP/1.1" 200 558 "-" "PostmanRuntime/7.43.2"

info: ::1 - - [11/Apr/2025:10:39:03 +0000] "GET /api/v1/government/ HTTP/1.1" 200 3131 "-" "PostmanRuntime/7.43.2"

info: ::1 - - [11/Apr/2025:10:39:25 +0000] "GET /api/v1/government/federal HTTP/1.1" 200 1860 "-" "PostmanRuntime/7.43.2"

info: ::1 - - [11/Apr/2025:10:40:16 +0000] "GET /api/v1/government/federal HTTP/1.1" 200 1860 "-" "PostmanRuntime/7.43.2"

info: ::1 - - [11/Apr/2025:10:40:30 +0000] "GET /api/v1/government/federal HTTP/1.1" 200 1860 "-" "PostmanRuntime/7.43.2"

info: ::1 - - [11/Apr/2025:10:54:10 +0000] "GET /api/v1/government/states HTTP/1.1" 404 47 "-" "PostmanRuntime/7.43.2"

info: ::1 - - [11/Apr/2025:10:54:16 +0000] "GET /api/v1/government/state HTTP/1.1" 200 558 "-" "PostmanRuntime/7.43.2"

info: ::1 - - [11/Apr/2025:10:55:11 +0000] "GET /api/v1/government/federal HTTP/1.1" 200 1860 "-" "PostmanRuntime/7.43.2"

info: ::1 - - [11/Apr/2025:12:18:10 +0000] "GET /api/v1/ HTTP/1.1" 200 9 "-" "Mozilla/5.0 (Macintosh; Intel Mac OS X 10_15_7) AppleWebKit/605.1.15 (KHTML, like Gecko) Version/18.3.1 Safari/605.1.15"

info: ::1 - - [11/Apr/2025:12:18:13 +0000] "GET /apple-touch-icon-precomposed.png HTTP/1.1" 404 47 "-" "com.apple.WebKit.Networking/20620.2.4.11.6 Network/4277.81.1 macOS/15.3.2"

info: ::1 - - [11/Apr/2025:12:18:13 +0000] "GET /apple-touch-icon.png HTTP/1.1" 404 47 "-" "com.apple.WebKit.Networking/20620.2.4.11.6 Network/4277.81.1 macOS/15.3.2"

info: ::1 - - [11/Apr/2025:12:18:13 +0000] "GET /favicon.ico HTTP/1.1" 404 47 "-" "com.apple.WebKit.Networking/20620.2.4.11.6 Network/4277.81.1 macOS/15.3.2"

info: ::1 - - [11/Apr/2025:12:18:14 +0000] "GET /apple-touch-icon-precomposed.png HTTP/1.1" 404 47 "-" "com.apple.WebKit.Networking/20620.2.4.11.6 Network/4277.81.1 macOS/15.3.2"

info: ::1 - - [11/Apr/2025:12:18:14 +0000] "GET /apple-touch-icon.png HTTP/1.1" 404 47 "-" "com.apple.WebKit.Networking/20620.2.4.11.6 Network/4277.81.1 macOS/15.3.2"

info: ::1 - - [11/Apr/2025:12:18:14 +0000] "GET /favicon.ico HTTP/1.1" 404 47 "-" "com.apple.WebKit.Networking/20620.2.4.11.6 Network/4277.81.1 macOS/15.3.2"

info: ::1 - - [11/Apr/2025:12:18:25 +0000] "GET /api/v1/ HTTP/1.1" 200 9 "-" "PostmanRuntime/7.43.2"

info: ::1 - - [11/Apr/2025:12:18:35 +0000] "GET /api/v1/government/local HTTP/1.1" 200 1580 "-" "PostmanRuntime/7.43.2"

info: ::1 - - [11/Apr/2025:12:38:50 +0000] "GET /api/v1/local HTTP/1.1" 404 47 "-" "Mozilla/5.0 (Macintosh; Intel Mac OS X 10_15_7) AppleWebKit/605.1.15 (KHTML, like Gecko) Version/18.3.1 Safari/605.1.15"

info: ::1 - - [11/Apr/2025:12:40:18 +0000] "GET /api/v1/government/local HTTP/1.1" 200 1580 "-" "PostmanRuntime/7.43.2"

info: ::1 - - [11/Apr/2025:12:40:27 +0000] "GET /api/v1/government/local HTTP/1.1" 200 1580 "-" "PostmanRuntime/7.43.2"

info: ::1 - - [11/Apr/2025:12:42:08 +0000] "GET /api/v1/government/local HTTP/1.1" 200 1580 "-" "PostmanRuntime/7.43.2"

info: ::1 - - [11/Apr/2025:12:42:14 +0000] "GET /api/v1/government HTTP/1.1" 200 6594 "-" "PostmanRuntime/7.43.2"

info: ::1 - - [11/Apr/2025:12:42:22 +0000] "GET /api/v1/government/state HTTP/1.1" 200 1580 "-" "PostmanRuntime/7.43.2"

info: ::1 - - [11/Apr/2025:12:42:29 +0000] "GET /api/v1/government/local HTTP/1.1" 200 1580 "-" "PostmanRuntime/7.43.2"

info: ::1 - - [11/Apr/2025:12:42:36 +0000] "GET /api/v1/government/state/local HTTP/1.1" 404 57 "-" "PostmanRuntime/7.43.2"

info: ::1 - - [11/Apr/2025:12:44:55 +0000] "GET /api/v1/government/local HTTP/1.1" 200 1580 "-" "PostmanRuntime/7.43.2"

info: ::1 - - [11/Apr/2025:12:47:22 +0000] "GET /api/v1/government/local HTTP/1.1" 200 2567 "-" "PostmanRuntime/7.43.2"

info: ::1 - - [11/Apr/2025:14:29:13 +0000] "GET /api/v1/government/local HTTP/1.1" 200 2567 "-" "PostmanRuntime/7.43.2"

info: ::1 - - [11/Apr/2025:14:32:17 +0000] "GET /api/v1/government/local HTTP/1.1" 200 2567 "-" "PostmanRuntime/7.43.2"

info: ::1 - - [11/Apr/2025:14:32:21 +0000] "GET /api/v1/government/state HTTP/1.1" 200 1580 "-" "PostmanRuntime/7.43.2"

info: ::1 - - [11/Apr/2025:14:37:43 +0000] "GET /api/v1/local HTTP/1.1" 404 47 "-" "Mozilla/5.0 (Macintosh; Intel Mac OS X 10_15_7) AppleWebKit/605.1.15 (KHTML, like Gecko) Version/18.3.1 Safari/605.1.15"

info: ::1 - - [11/Apr/2025:14:37:52 +0000] "GET /api/v1/local HTTP/1.1" 404 47 "-" "Mozilla/5.0 (Macintosh; Intel Mac OS X 10_15_7) AppleWebKit/605.1.15 (KHTML, like Gecko) Version/18.3.1 Safari/605.1.15"

info: ::1 - - [12/Apr/2025:15:24:21 +0000] "GET /api/v1/government/state HTTP/1.1" 200 1915 "-" "PostmanRuntime/7.43.2"

info: ::1 - - [12/Apr/2025:15:24:35 +0000] "GET /api/v1/government/local HTTP/1.1" 200 5416 "-" "PostmanRuntime/7.43.2"

info: ::1 - - [12/Apr/2025:15:25:59 +0000] "GET /api/v1/government/local HTTP/1.1" 200 3715 "-" "PostmanRuntime/7.43.2"

info: ::1 - - [12/Apr/2025:15:27:53 +0000] "GET /api/v1/government/state HTTP/1.1" 200 3447 "-" "PostmanRuntime/7.43.2"

info: ::1 - - [12/Apr/2025:15:34:45 +0000] "GET /api/v1/government/federal HTTP/1.1" 200 2776 "-" "PostmanRuntime/7.43.2"

info: ::1 - - [12/Apr/2025:15:56:29 +0000] "GET /api/v1/government/federal HTTP/1.1" 200 2776 "-" "PostmanRuntime/7.43.2"

info: ::1 - - [12/Apr/2025:15:56:50 +0000] "GET /api/v1/government/local HTTP/1.1" 200 3124 "-" "PostmanRuntime/7.43.2"

info: ::1 - - [12/Apr/2025:15:57:01 +0000] "GET /api/v1/government/local/lagos HTTP/1.1" 404 47 "-" "PostmanRuntime/7.43.2"

info: ::1 - - [12/Apr/2025:15:57:28 +0000] "GET /api/v1/government/local/ HTTP/1.1" 200 3124 "-" "PostmanRuntime/7.43.2"

info: ::1 - - [12/Apr/2025:15:58:23 +0000] "GET /api/v1/government/state HTTP/1.1" 200 3447 "-" "PostmanRuntime/7.43.2"

info: ::1 - - [12/Apr/2025:15:58:29 +0000] "GET /api/v1/government/state/rivers HTTP/1.1" 200 321 "-" "PostmanRuntime/7.43.2"

info: ::1 - - [12/Apr/2025:16:03:53 +0000] "GET /api/v1/government/local/abuja HTTP/1.1" 404 57 "-" "PostmanRuntime/7.43.2"

info: ::1 - - [12/Apr/2025:17:28:20 +0000] "GET /api/v1/government/local/lagos HTTP/1.1" 404 57 "-" "PostmanRuntime/7.43.2"

info: ::1 - - [12/Apr/2025:17:30:05 +0000] "GET /api/v1/government/local/lagos HTTP/1.1" 404 57 "-" "PostmanRuntime/7.43.2"

info: ::1 - - [12/Apr/2025:17:30:06 +0000] "GET /api/v1/government/local/lagos HTTP/1.1" 404 57 "-" "PostmanRuntime/7.43.2"

info: ::1 - - [12/Apr/2025:17:30:08 +0000] "GET /api/v1/government/local/lagos HTTP/1.1" 404 57 "-" "PostmanRuntime/7.43.2"

info: ::1 - - [12/Apr/2025:17:31:08 +0000] "GET /api/v1/government/local/lagos HTTP/1.1" 404 57 "-" "PostmanRuntime/7.43.2"

info: ::1 - - [12/Apr/2025:17:31:09 +0000] "GET /api/v1/government/local/lagos HTTP/1.1" 404 57 "-" "PostmanRuntime/7.43.2"

info: ::1 - - [12/Apr/2025:17:31:50 +0000] "GET /api/v1/government/local/abuja HTTP/1.1" 404 57 "-" "PostmanRuntime/7.43.2"

info: ::1 - - [12/Apr/2025:17:31:55 +0000] "GET /api/v1/government/local/rivers HTTP/1.1" 404 57 "-" "PostmanRuntime/7.43.2"

info: ::1 - - [12/Apr/2025:17:33:50 +0000] "GET /api/v1/government/local/rivers HTTP/1.1" 404 57 "-" "PostmanRuntime/7.43.2"

info: ::1 - - [12/Apr/2025:17:35:37 +0000] "GET /api/v1/government/local/rivers HTTP/1.1" 404 57 "-" "PostmanRuntime/7.43.2"

info: ::1 - - [12/Apr/2025:17:35:40 +0000] "GET /api/v1/government/local/rivers HTTP/1.1" 404 57 "-" "PostmanRuntime/7.43.2"

info: ::1 - - [12/Apr/2025:17:36:52 +0000] "GET /api/v1/government/state/lagos HTTP/1.1" 200 310 "-" "PostmanRuntime/7.43.2"

info: ::1 - - [12/Apr/2025:17:37:13 +0000] "GET /api/v1/government/local HTTP/1.1" 200 3124 "-" "PostmanRuntime/7.43.2"

info: ::1 - - [12/Apr/2025:17:37:23 +0000] "GET /api/v1/government/local/abuja HTTP/1.1" 404 57 "-" "PostmanRuntime/7.43.2"

info: ::1 - - [12/Apr/2025:17:39:51 +0000] "GET /api/v1/government/local/agege HTTP/1.1" 200 321 "-" "PostmanRuntime/7.43.2"

info: ::1 - - [12/Apr/2025:17:40:26 +0000] "GET /api/v1/government/local/agege HTTP/1.1" 200 321 "-" "PostmanRuntime/7.43.2"

info: ::1 - - [12/Apr/2025:17:43:19 +0000] "GET /api/v1/government/local/agege HTTP/1.1" 200 321 "-" "PostmanRuntime/7.43.2"

info: ::1 - - [12/Apr/2025:17:47:18 +0000] "GET /api/v1/government/local/agege HTTP/1.1" 200 321 "-" "PostmanRuntime/7.43.2"

